<?xml version="1.0" encoding="UTF-8"?>
<testsuite xmlns:xsi="http://www.w3.org/2001/XMLSchema-instance" xsi:noNamespaceSchemaLocation="https://maven.apache.org/surefire/maven-surefire-plugin/xsd/surefire-test-report-3.0.xsd" version="3.0" name="flc.SystemTest" time="0.161" tests="5" errors="0" skipped="0" failures="0">
  <properties>
[...]
</properties>
  <testcase name="testIncomeCalculation" classname="flc.SystemTest" time="0.101"/>
  <testcase name="testBookingCreation" classname="flc.SystemTest" time="0.002"/>
  <testcase name="testRatingSystem" classname="flc.SystemTest" time="0.005"/>
  <testcase name="testDayAndTimeSlot" classname="flc.SystemTest" time="0.002"/>
  <testcase name="testLessonCapacityLimit" classname="flc.SystemTest" time="0.003"/>
</testsuite>